<?xml version="1.0" encoding="UTF-8"?>
<!-- Generated by org.testng.reporters.JUnitXMLReporter -->
<testsuite hostname="LAPTOP-OTJHPKP1" name="Default test" tests="3" failures="0" timestamp="15 Jul 2020 13:53:09 GMT" time="60.807" errors="0">
  <testcase name="tc101_VerifyLogin" time="0.575" classname="com.hrms.testscripts.TestNGtestcases"/>
  <testcase name="tc102_Addnewempl" time="32.846" classname="com.hrms.testscripts.TestNGtestcases"/>
  <testcase name="tc103_deleteemp" time="3.046" classname="com.hrms.testscripts.TestNGtestcases"/>
</testsuite> <!-- Default test -->
