<?xml version="1.0" encoding="UTF-8"?>
<!-- Generated by org.testng.reporters.JUnitXMLReporter -->
<testsuite hostname="LAPTOP-OTJHPKP1" name="Regression1" tests="6" failures="0" timestamp="15 Jul 2020 13:39:01 GMT" time="126.678" errors="0">
  <testcase name="tc101_VerifyLogin" time="0.416" classname="com.hrms.testscripts.ExcelinputTestNgtestcases"/>
  <testcase name="tc101_VerifyLogin" time="0.38" classname="com.hrms.testscripts.TestNGtestcases"/>
  <testcase name="tc102_Addnewempl" time="19.424" classname="com.hrms.testscripts.ExcelinputTestNgtestcases"/>
  <testcase name="tc102_Addnewempl" time="22.987" classname="com.hrms.testscripts.TestNGtestcases"/>
  <testcase name="deleteemp" time="18.84" classname="com.hrms.testscripts.ExcelinputTestNgtestcases"/>
  <testcase name="tc103_deleteemp" time="3.025" classname="com.hrms.testscripts.TestNGtestcases"/>
</testsuite> <!-- Regression1 -->
